[0.000000] (-) TimerEvent: {}
[0.000119] (tb4_sensor_reader) JobQueued: {'identifier': 'tb4_sensor_reader', 'dependencies': OrderedDict()}
[0.000149] (tb4_sensor_reader) JobStarted: {'identifier': 'tb4_sensor_reader'}
[0.097385] (-) TimerEvent: {}
[0.197604] (-) TimerEvent: {}
[0.297817] (-) TimerEvent: {}
[0.398123] (-) TimerEvent: {}
[0.407886] (tb4_sensor_reader) Command: {'cmd': ['/usr/bin/python3', '-W', 'ignore:setup.py install is deprecated', '-W', 'ignore:easy_install command is deprecated', 'setup.py', 'egg_info', '--egg-base', '../../build/tb4_sensor_reader', 'build', '--build-base', '/afs/ec.auckland.ac.nz/users/j/x/jxia219/unixhome/ros2_ws/build/tb4_sensor_reader/build', 'install', '--record', '/afs/ec.auckland.ac.nz/users/j/x/jxia219/unixhome/ros2_ws/build/tb4_sensor_reader/install.log', '--single-version-externally-managed', 'install_data'], 'cwd': '/afs/ec.auckland.ac.nz/users/j/x/jxia219/unixhome/ros2_ws/src/tb4_sensor_reader', 'env': {'LANGUAGE': 'en_NZ:en', 'USER': 'jxia219', 'XDG_SESSION_TYPE': 'x11', 'XDG_CACHE_HOME': '/tmp/.cache-jxia219/xdg', 'SHLVL': '1', 'LD_LIBRARY_PATH': '/opt/ros/humble/opt/rviz_ogre_vendor/lib:/opt/ros/humble/lib/x86_64-linux-gnu:/opt/ros/humble/lib:/usr/local/cuda/lib', 'PERL_LOCAL_LIB_ROOT': '/afs/ec.auckland.ac.nz/users/j/x/jxia219/unixhome/perl5', 'HOME': '/afs/ec.auckland.ac.nz/users/j/x/jxia219/unixhome', 'OLDPWD': '/afs/ec.auckland.ac.nz/users/j/x/jxia219/unixhome/ros2_ws', 'DESKTOP_SESSION': 'ubuntu', 'ROS_PYTHON_VERSION': '3', 'GNOME_SHELL_SESSION_MODE': 'ubuntu', 'GTK_MODULES': 'gail:atk-bridge:appmenu-gtk-module:appmenu-gtk-module', 'PS1': '(ros2_venv) ${debian_chroot:+($debian_chroot)}\\u@\\h:\\w\\$', 'SYSTEMD_EXEC_PID': '4485', 'DBUS_SESSION_BUS_ADDRESS': 'unix:path=/run/user/607918944/bus', 'COLORTERM': 'truecolor', 'UBUNTU_MENUPROXY': '1', 'IM_CONFIG_PHASE': '1', 'COLCON_PREFIX_PATH': '/afs/ec.auckland.ac.nz/users/j/x/jxia219/unixhome/ros2_ws/install', 'ROS_DISTRO': 'humble', 'GTK_IM_MODULE': 'ibus', 'LOGNAME': 'jxia219', 'IGN_GAZEBO_MODEL_PATH': '/opt/ros/humble/share', '_': '/usr/bin/colcon', 'ROS_VERSION': '2', 'XDG_SESSION_CLASS': 'user', 'USERNAME': 'jxia219', 'TERM': 'xterm-256color', 'PERL_MB_OPT': '--install_base "/afs/ec.auckland.ac.nz/users/j/x/jxia219/unixhome/perl5"', 'GAZEBO_MODEL_PATH': '/opt/ros/humble/share', 'GNOME_DESKTOP_SESSION_ID': 'this-is-deprecated', 'ROS_LOCALHOST_ONLY': '0', 'WINDOWPATH': '2', 'PATH': '/afs/ec.auckland.ac.nz/users/j/x/jxia219/unixhome/ros2_venv/bin:/opt/ros/humble/bin:/afs/ec.auckland.ac.nz/users/j/x/jxia219/unixhome/perl5/bin:/afs/ec.auckland.ac.nz/users/j/x/jxia219/unixhome/.local/bin:/afs/ec.auckland.ac.nz/users/j/x/jxia219/unixhome/.local/share/gem/ruby/3.0.0/bin:/usr/lib/jvm/java-11-amazon-corretto/bin:/usr/local/sbin:/usr/local/bin:/usr/sbin:/usr/bin:/sbin:/bin:/usr/games:/usr/local/games:/snap/bin:/snap/bin:/usr/local/cuda/bin:/opt/puppetlabs/bin', 'SESSION_MANAGER': 'local/en452933.uoa.auckland.ac.nz:@/tmp/.ICE-unix/4462,unix/en452933.uoa.auckland.ac.nz:/tmp/.ICE-unix/4462', 'FASTRTPS_DEFAULT_PROFILES_FILE': '/afs/ec.auckland.ac.nz/users/j/x/jxia219/unixhome/super_client_configuration_file.xml', 'XDG_MENU_PREFIX': 'gnome-', 'GNOME_TERMINAL_SCREEN': '/org/gnome/Terminal/screen/5809bdb2_6a85_4584_b4b5_8474e1d227ea', 'PERL5LIB': '/afs/ec.auckland.ac.nz/users/j/x/jxia219/unixhome/perl5/lib/perl5', 'XDG_RUNTIME_DIR': '/run/user/607918944', 'DISPLAY': ':1', 'LANG': 'en_NZ.UTF-8', 'XDG_CURRENT_DESKTOP': 'ubuntu:GNOME', 'VIRTUAL_ENV_PROMPT': '(ros2_venv)', 'XMODIFIERS': '@im=ibus', 'XDG_SESSION_DESKTOP': 'ubuntu', 'XAUTHORITY': '/run/user/607918944/gdm/Xauthority', 'GNOME_TERMINAL_SERVICE': ':1.108', 'SSH_AGENT_LAUNCHER': 'gnome-keyring', 'SSH_AUTH_SOCK': '/run/user/607918944/keyring/ssh', 'ROS_DOMAIN_ID': '13', 'AMENT_PREFIX_PATH': '/afs/ec.auckland.ac.nz/users/j/x/jxia219/unixhome/ros2_ws/install/tb4_sensor_reader:/opt/ros/humble', 'SHELL': '/bin/bash', 'KRB5CCNAME': 'FILE:/tmp/krb5cc_607918944_25NKwH', 'ROS_DISCOVERY_SERVER': '172.24.192.22:11811', 'QT_ACCESSIBILITY': '1', 'GDMSESSION': 'ubuntu', 'PERL_MM_OPT': 'INSTALL_BASE=/afs/ec.auckland.ac.nz/users/j/x/jxia219/unixhome/perl5', 'IGN_GAZEBO_RESOURCE_PATH': '/opt/ros/humble/share', 'GPG_AGENT_INFO': '/run/user/607918944/gnupg/S.gpg-agent:0:1', 'GAZEBO_RESOURCE_PATH': '/opt/ros/humble/share', 'VIRTUAL_ENV': '/afs/ec.auckland.ac.nz/users/j/x/jxia219/unixhome/ros2_venv', 'QT_IM_MODULE': 'ibus', 'JAVA_HOME': '/usr/lib/jvm/java-11-amazon-corretto', 'PWD': '/afs/ec.auckland.ac.nz/users/j/x/jxia219/unixhome/ros2_ws/build/tb4_sensor_reader', 'XDG_CONFIG_DIRS': '/etc/xdg/xdg-ubuntu:/etc/xdg', 'XDG_DATA_DIRS': '/usr/share/ubuntu:/usr/share/gnome:/afs/ec.auckland.ac.nz/users/j/x/jxia219/unixhome/.local/share/flatpak/exports/share:/var/lib/flatpak/exports/share:/usr/local/share/:/usr/share/:/var/lib/snapd/desktop', 'PYTHONPATH': '/afs/ec.auckland.ac.nz/users/j/x/jxia219/unixhome/ros2_ws/build/tb4_sensor_reader/prefix_override:/usr/lib/python3/dist-packages/colcon_core/task/python/colcon_distutils_commands:/afs/ec.auckland.ac.nz/users/j/x/jxia219/unixhome/ros2_ws/install/tb4_sensor_reader/lib/python3.10/site-packages:/afs/ec.auckland.ac.nz/users/j/x/jxia219/unixhome/ros2_ws/install/tb4_sensor_reader/lib/python3.10/site-packages:/opt/ros/humble/lib/python3.10/site-packages:/opt/ros/humble/local/lib/python3.10/dist-packages', 'COLCON': '1', 'MANPATH': ':/usr/lib/jvm/java-11-amazon-corretto/man:/opt/puppetlabs/puppet/share/man', 'VTE_VERSION': '6800'}, 'shell': False}
[0.498243] (-) TimerEvent: {}
[0.528969] (tb4_sensor_reader) StdoutLine: {'line': b'running egg_info\n'}
[0.531477] (tb4_sensor_reader) StdoutLine: {'line': b'writing ../../build/tb4_sensor_reader/tb4_sensor_reader.egg-info/PKG-INFO\n'}
[0.537449] (tb4_sensor_reader) StdoutLine: {'line': b'writing dependency_links to ../../build/tb4_sensor_reader/tb4_sensor_reader.egg-info/dependency_links.txt\n'}
[0.541543] (tb4_sensor_reader) StdoutLine: {'line': b'writing entry points to ../../build/tb4_sensor_reader/tb4_sensor_reader.egg-info/entry_points.txt\n'}
[0.545726] (tb4_sensor_reader) StdoutLine: {'line': b'writing requirements to ../../build/tb4_sensor_reader/tb4_sensor_reader.egg-info/requires.txt\n'}
[0.549436] (tb4_sensor_reader) StdoutLine: {'line': b'writing top-level names to ../../build/tb4_sensor_reader/tb4_sensor_reader.egg-info/top_level.txt\n'}
[0.555187] (tb4_sensor_reader) StdoutLine: {'line': b"reading manifest file '../../build/tb4_sensor_reader/tb4_sensor_reader.egg-info/SOURCES.txt'\n"}
[0.556284] (tb4_sensor_reader) StdoutLine: {'line': b"writing manifest file '../../build/tb4_sensor_reader/tb4_sensor_reader.egg-info/SOURCES.txt'\n"}
[0.560520] (tb4_sensor_reader) StdoutLine: {'line': b'running build\n'}
[0.560729] (tb4_sensor_reader) StdoutLine: {'line': b'running build_py\n'}
[0.568356] (tb4_sensor_reader) StdoutLine: {'line': b'copying tb4_sensor_reader/detect_and_stop.py -> /afs/ec.auckland.ac.nz/users/j/x/jxia219/unixhome/ros2_ws/build/tb4_sensor_reader/build/lib/tb4_sensor_reader\n'}
[0.583857] (tb4_sensor_reader) StdoutLine: {'line': b'running install\n'}
[0.584365] (tb4_sensor_reader) StdoutLine: {'line': b'running install_lib\n'}
[0.589666] (tb4_sensor_reader) StdoutLine: {'line': b'copying /afs/ec.auckland.ac.nz/users/j/x/jxia219/unixhome/ros2_ws/build/tb4_sensor_reader/build/lib/tb4_sensor_reader/detect_and_stop.py -> /afs/ec.auckland.ac.nz/users/j/x/jxia219/unixhome/ros2_ws/install/tb4_sensor_reader/lib/python3.10/site-packages/tb4_sensor_reader\n'}
[0.598376] (-) TimerEvent: {}
[0.608657] (tb4_sensor_reader) StdoutLine: {'line': b'byte-compiling /afs/ec.auckland.ac.nz/users/j/x/jxia219/unixhome/ros2_ws/install/tb4_sensor_reader/lib/python3.10/site-packages/tb4_sensor_reader/detect_and_stop.py to detect_and_stop.cpython-310.pyc\n'}
[0.622285] (tb4_sensor_reader) StdoutLine: {'line': b'running install_data\n'}
[0.624448] (tb4_sensor_reader) StdoutLine: {'line': b'running install_egg_info\n'}
[0.627351] (tb4_sensor_reader) StdoutLine: {'line': b"removing '/afs/ec.auckland.ac.nz/users/j/x/jxia219/unixhome/ros2_ws/install/tb4_sensor_reader/lib/python3.10/site-packages/tb4_sensor_reader-0.0.0-py3.10.egg-info' (and everything under it)\n"}
[0.646073] (tb4_sensor_reader) StdoutLine: {'line': b'Copying ../../build/tb4_sensor_reader/tb4_sensor_reader.egg-info to /afs/ec.auckland.ac.nz/users/j/x/jxia219/unixhome/ros2_ws/install/tb4_sensor_reader/lib/python3.10/site-packages/tb4_sensor_reader-0.0.0-py3.10.egg-info\n'}
[0.698583] (-) TimerEvent: {}
[0.711811] (tb4_sensor_reader) StdoutLine: {'line': b'running install_scripts\n'}
[0.734855] (tb4_sensor_reader) StdoutLine: {'line': b'Installing avoid_controller script to /afs/ec.auckland.ac.nz/users/j/x/jxia219/unixhome/ros2_ws/install/tb4_sensor_reader/lib/tb4_sensor_reader\n'}
[0.743260] (tb4_sensor_reader) StdoutLine: {'line': b'Installing avoidance_physical script to /afs/ec.auckland.ac.nz/users/j/x/jxia219/unixhome/ros2_ws/install/tb4_sensor_reader/lib/tb4_sensor_reader\n'}
[0.749662] (tb4_sensor_reader) StdoutLine: {'line': b'Installing camera_c2_node script to /afs/ec.auckland.ac.nz/users/j/x/jxia219/unixhome/ros2_ws/install/tb4_sensor_reader/lib/tb4_sensor_reader\n'}
[0.755769] (tb4_sensor_reader) StdoutLine: {'line': b'Installing camera_detector script to /afs/ec.auckland.ac.nz/users/j/x/jxia219/unixhome/ros2_ws/install/tb4_sensor_reader/lib/tb4_sensor_reader\n'}
[0.761959] (tb4_sensor_reader) StdoutLine: {'line': b'Installing camera_viewer script to /afs/ec.auckland.ac.nz/users/j/x/jxia219/unixhome/ros2_ws/install/tb4_sensor_reader/lib/tb4_sensor_reader\n'}
[0.768048] (tb4_sensor_reader) StdoutLine: {'line': b'Installing detect_and_stop script to /afs/ec.auckland.ac.nz/users/j/x/jxia219/unixhome/ros2_ws/install/tb4_sensor_reader/lib/tb4_sensor_reader\n'}
[0.774420] (tb4_sensor_reader) StdoutLine: {'line': b'Installing motion_controller script to /afs/ec.auckland.ac.nz/users/j/x/jxia219/unixhome/ros2_ws/install/tb4_sensor_reader/lib/tb4_sensor_reader\n'}
[0.780450] (tb4_sensor_reader) StdoutLine: {'line': b'Installing odom_reader script to /afs/ec.auckland.ac.nz/users/j/x/jxia219/unixhome/ros2_ws/install/tb4_sensor_reader/lib/tb4_sensor_reader\n'}
[0.786551] (tb4_sensor_reader) StdoutLine: {'line': b'Installing physical_motion script to /afs/ec.auckland.ac.nz/users/j/x/jxia219/unixhome/ros2_ws/install/tb4_sensor_reader/lib/tb4_sensor_reader\n'}
[0.792497] (tb4_sensor_reader) StdoutLine: {'line': b'Installing pose_reader script to /afs/ec.auckland.ac.nz/users/j/x/jxia219/unixhome/ros2_ws/install/tb4_sensor_reader/lib/tb4_sensor_reader\n'}
[0.798289] (tb4_sensor_reader) StdoutLine: {'line': b'Installing reactive_controller script to /afs/ec.auckland.ac.nz/users/j/x/jxia219/unixhome/ros2_ws/install/tb4_sensor_reader/lib/tb4_sensor_reader\n'}
[0.798642] (-) TimerEvent: {}
[0.804352] (tb4_sensor_reader) StdoutLine: {'line': b'Installing reactive_physical script to /afs/ec.auckland.ac.nz/users/j/x/jxia219/unixhome/ros2_ws/install/tb4_sensor_reader/lib/tb4_sensor_reader\n'}
[0.810060] (tb4_sensor_reader) StdoutLine: {'line': b'Installing test_node script to /afs/ec.auckland.ac.nz/users/j/x/jxia219/unixhome/ros2_ws/install/tb4_sensor_reader/lib/tb4_sensor_reader\n'}
[0.816623] (tb4_sensor_reader) StdoutLine: {'line': b"writing list of installed files to '/afs/ec.auckland.ac.nz/users/j/x/jxia219/unixhome/ros2_ws/build/tb4_sensor_reader/install.log'\n"}
[0.847788] (tb4_sensor_reader) CommandEnded: {'returncode': 0}
[0.898752] (-) TimerEvent: {}
[0.899878] (tb4_sensor_reader) JobEnded: {'identifier': 'tb4_sensor_reader', 'rc': 0}
[0.922226] (-) EventReactorShutdown: {}
