[0.404s] Invoking command in '/afs/ec.auckland.ac.nz/users/j/x/jxia219/unixhome/ros2_ws/src/tb4_sensor_reader': PYTHONPATH=/afs/ec.auckland.ac.nz/users/j/x/jxia219/unixhome/ros2_ws/build/tb4_sensor_reader/prefix_override:/usr/lib/python3/dist-packages/colcon_core/task/python/colcon_distutils_commands:/afs/ec.auckland.ac.nz/users/j/x/jxia219/unixhome/ros2_ws/install/tb4_sensor_reader/lib/python3.10/site-packages:${PYTHONPATH} /usr/bin/python3 -W ignore:setup.py install is deprecated -W ignore:easy_install command is deprecated setup.py egg_info --egg-base ../../build/tb4_sensor_reader build --build-base /afs/ec.auckland.ac.nz/users/j/x/jxia219/unixhome/ros2_ws/build/tb4_sensor_reader/build install --record /afs/ec.auckland.ac.nz/users/j/x/jxia219/unixhome/ros2_ws/build/tb4_sensor_reader/install.log --single-version-externally-managed install_data
[0.510s] running egg_info
[0.512s] writing ../../build/tb4_sensor_reader/tb4_sensor_reader.egg-info/PKG-INFO
[0.516s] writing dependency_links to ../../build/tb4_sensor_reader/tb4_sensor_reader.egg-info/dependency_links.txt
[0.519s] writing entry points to ../../build/tb4_sensor_reader/tb4_sensor_reader.egg-info/entry_points.txt
[0.522s] writing requirements to ../../build/tb4_sensor_reader/tb4_sensor_reader.egg-info/requires.txt
[0.525s] writing top-level names to ../../build/tb4_sensor_reader/tb4_sensor_reader.egg-info/top_level.txt
[0.528s] reading manifest file '../../build/tb4_sensor_reader/tb4_sensor_reader.egg-info/SOURCES.txt'
[0.529s] writing manifest file '../../build/tb4_sensor_reader/tb4_sensor_reader.egg-info/SOURCES.txt'
[0.531s] running build
[0.531s] running build_py
[0.536s] running install
[0.536s] running install_lib
[0.539s] running install_data
[0.540s] running install_egg_info
[0.542s] removing '/afs/ec.auckland.ac.nz/users/j/x/jxia219/unixhome/ros2_ws/install/tb4_sensor_reader/lib/python3.10/site-packages/tb4_sensor_reader-0.0.0-py3.10.egg-info' (and everything under it)
[0.556s] Copying ../../build/tb4_sensor_reader/tb4_sensor_reader.egg-info to /afs/ec.auckland.ac.nz/users/j/x/jxia219/unixhome/ros2_ws/install/tb4_sensor_reader/lib/python3.10/site-packages/tb4_sensor_reader-0.0.0-py3.10.egg-info
[0.603s] running install_scripts
[0.626s] Installing avoid_controller script to /afs/ec.auckland.ac.nz/users/j/x/jxia219/unixhome/ros2_ws/install/tb4_sensor_reader/lib/tb4_sensor_reader
[0.631s] Installing motion_controller script to /afs/ec.auckland.ac.nz/users/j/x/jxia219/unixhome/ros2_ws/install/tb4_sensor_reader/lib/tb4_sensor_reader
[0.636s] Installing odom_reader script to /afs/ec.auckland.ac.nz/users/j/x/jxia219/unixhome/ros2_ws/install/tb4_sensor_reader/lib/tb4_sensor_reader
[0.639s] Installing reactive_controller script to /afs/ec.auckland.ac.nz/users/j/x/jxia219/unixhome/ros2_ws/install/tb4_sensor_reader/lib/tb4_sensor_reader
[0.643s] Installing test_node script to /afs/ec.auckland.ac.nz/users/j/x/jxia219/unixhome/ros2_ws/install/tb4_sensor_reader/lib/tb4_sensor_reader
[0.647s] writing list of installed files to '/afs/ec.auckland.ac.nz/users/j/x/jxia219/unixhome/ros2_ws/build/tb4_sensor_reader/install.log'
[0.672s] Invoked command in '/afs/ec.auckland.ac.nz/users/j/x/jxia219/unixhome/ros2_ws/src/tb4_sensor_reader' returned '0': PYTHONPATH=/afs/ec.auckland.ac.nz/users/j/x/jxia219/unixhome/ros2_ws/build/tb4_sensor_reader/prefix_override:/usr/lib/python3/dist-packages/colcon_core/task/python/colcon_distutils_commands:/afs/ec.auckland.ac.nz/users/j/x/jxia219/unixhome/ros2_ws/install/tb4_sensor_reader/lib/python3.10/site-packages:${PYTHONPATH} /usr/bin/python3 -W ignore:setup.py install is deprecated -W ignore:easy_install command is deprecated setup.py egg_info --egg-base ../../build/tb4_sensor_reader build --build-base /afs/ec.auckland.ac.nz/users/j/x/jxia219/unixhome/ros2_ws/build/tb4_sensor_reader/build install --record /afs/ec.auckland.ac.nz/users/j/x/jxia219/unixhome/ros2_ws/build/tb4_sensor_reader/install.log --single-version-externally-managed install_data
