[0.404s] Invoking command in '/afs/ec.auckland.ac.nz/users/j/x/jxia219/unixhome/ros2_ws/src/tb4_sensor_reader': PYTHONPATH=/afs/ec.auckland.ac.nz/users/j/x/jxia219/unixhome/ros2_ws/build/tb4_sensor_reader/prefix_override:/usr/lib/python3/dist-packages/colcon_core/task/python/colcon_distutils_commands:/afs/ec.auckland.ac.nz/users/j/x/jxia219/unixhome/ros2_ws/install/tb4_sensor_reader/lib/python3.10/site-packages:${PYTHONPATH} /usr/bin/python3 -W ignore:setup.py install is deprecated -W ignore:easy_install command is deprecated setup.py egg_info --egg-base ../../build/tb4_sensor_reader build --build-base /afs/ec.auckland.ac.nz/users/j/x/jxia219/unixhome/ros2_ws/build/tb4_sensor_reader/build install --record /afs/ec.auckland.ac.nz/users/j/x/jxia219/unixhome/ros2_ws/build/tb4_sensor_reader/install.log --single-version-externally-managed install_data
[0.509s] running egg_info
[0.512s] writing ../../build/tb4_sensor_reader/tb4_sensor_reader.egg-info/PKG-INFO
[0.516s] writing dependency_links to ../../build/tb4_sensor_reader/tb4_sensor_reader.egg-info/dependency_links.txt
[0.520s] writing entry points to ../../build/tb4_sensor_reader/tb4_sensor_reader.egg-info/entry_points.txt
[0.525s] writing requirements to ../../build/tb4_sensor_reader/tb4_sensor_reader.egg-info/requires.txt
[0.534s] writing top-level names to ../../build/tb4_sensor_reader/tb4_sensor_reader.egg-info/top_level.txt
[0.558s] reading manifest file '../../build/tb4_sensor_reader/tb4_sensor_reader.egg-info/SOURCES.txt'
[0.561s] writing manifest file '../../build/tb4_sensor_reader/tb4_sensor_reader.egg-info/SOURCES.txt'
[0.566s] running build
[0.566s] running build_py
[0.568s] copying tb4_sensor_reader/avoidance_physical.py -> /afs/ec.auckland.ac.nz/users/j/x/jxia219/unixhome/ros2_ws/build/tb4_sensor_reader/build/lib/tb4_sensor_reader
[0.580s] running install
[0.581s] running install_lib
[0.584s] copying /afs/ec.auckland.ac.nz/users/j/x/jxia219/unixhome/ros2_ws/build/tb4_sensor_reader/build/lib/tb4_sensor_reader/avoidance_physical.py -> /afs/ec.auckland.ac.nz/users/j/x/jxia219/unixhome/ros2_ws/install/tb4_sensor_reader/lib/python3.10/site-packages/tb4_sensor_reader
[0.600s] byte-compiling /afs/ec.auckland.ac.nz/users/j/x/jxia219/unixhome/ros2_ws/install/tb4_sensor_reader/lib/python3.10/site-packages/tb4_sensor_reader/avoidance_physical.py to avoidance_physical.cpython-310.pyc
[0.612s] running install_data
[0.612s] running install_egg_info
[0.617s] removing '/afs/ec.auckland.ac.nz/users/j/x/jxia219/unixhome/ros2_ws/install/tb4_sensor_reader/lib/python3.10/site-packages/tb4_sensor_reader-0.0.0-py3.10.egg-info' (and everything under it)
[0.640s] Copying ../../build/tb4_sensor_reader/tb4_sensor_reader.egg-info to /afs/ec.auckland.ac.nz/users/j/x/jxia219/unixhome/ros2_ws/install/tb4_sensor_reader/lib/python3.10/site-packages/tb4_sensor_reader-0.0.0-py3.10.egg-info
[0.732s] running install_scripts
[0.754s] Installing avoid_controller script to /afs/ec.auckland.ac.nz/users/j/x/jxia219/unixhome/ros2_ws/install/tb4_sensor_reader/lib/tb4_sensor_reader
[0.763s] Installing avoidance_physical script to /afs/ec.auckland.ac.nz/users/j/x/jxia219/unixhome/ros2_ws/install/tb4_sensor_reader/lib/tb4_sensor_reader
[0.772s] Installing camera_c2_node script to /afs/ec.auckland.ac.nz/users/j/x/jxia219/unixhome/ros2_ws/install/tb4_sensor_reader/lib/tb4_sensor_reader
[0.783s] Installing motion_controller script to /afs/ec.auckland.ac.nz/users/j/x/jxia219/unixhome/ros2_ws/install/tb4_sensor_reader/lib/tb4_sensor_reader
[0.792s] Installing odom_reader script to /afs/ec.auckland.ac.nz/users/j/x/jxia219/unixhome/ros2_ws/install/tb4_sensor_reader/lib/tb4_sensor_reader
[0.803s] Installing physical_motion script to /afs/ec.auckland.ac.nz/users/j/x/jxia219/unixhome/ros2_ws/install/tb4_sensor_reader/lib/tb4_sensor_reader
[0.813s] Installing pose_reader script to /afs/ec.auckland.ac.nz/users/j/x/jxia219/unixhome/ros2_ws/install/tb4_sensor_reader/lib/tb4_sensor_reader
[0.823s] Installing reactive_controller script to /afs/ec.auckland.ac.nz/users/j/x/jxia219/unixhome/ros2_ws/install/tb4_sensor_reader/lib/tb4_sensor_reader
[0.833s] Installing reactive_physical script to /afs/ec.auckland.ac.nz/users/j/x/jxia219/unixhome/ros2_ws/install/tb4_sensor_reader/lib/tb4_sensor_reader
[0.849s] Installing test_node script to /afs/ec.auckland.ac.nz/users/j/x/jxia219/unixhome/ros2_ws/install/tb4_sensor_reader/lib/tb4_sensor_reader
[0.858s] writing list of installed files to '/afs/ec.auckland.ac.nz/users/j/x/jxia219/unixhome/ros2_ws/build/tb4_sensor_reader/install.log'
[0.887s] Invoked command in '/afs/ec.auckland.ac.nz/users/j/x/jxia219/unixhome/ros2_ws/src/tb4_sensor_reader' returned '0': PYTHONPATH=/afs/ec.auckland.ac.nz/users/j/x/jxia219/unixhome/ros2_ws/build/tb4_sensor_reader/prefix_override:/usr/lib/python3/dist-packages/colcon_core/task/python/colcon_distutils_commands:/afs/ec.auckland.ac.nz/users/j/x/jxia219/unixhome/ros2_ws/install/tb4_sensor_reader/lib/python3.10/site-packages:${PYTHONPATH} /usr/bin/python3 -W ignore:setup.py install is deprecated -W ignore:easy_install command is deprecated setup.py egg_info --egg-base ../../build/tb4_sensor_reader build --build-base /afs/ec.auckland.ac.nz/users/j/x/jxia219/unixhome/ros2_ws/build/tb4_sensor_reader/build install --record /afs/ec.auckland.ac.nz/users/j/x/jxia219/unixhome/ros2_ws/build/tb4_sensor_reader/install.log --single-version-externally-managed install_data
