[0.387s] Invoking command in '/afs/ec.auckland.ac.nz/users/j/x/jxia219/unixhome/ros2_ws/src/tb4_sensor_reader': PS1=(ros2_venv) ${debian_chroot:+($debian_chroot)}\u@\h:\w\$ PYTHONPATH=/afs/ec.auckland.ac.nz/users/j/x/jxia219/unixhome/ros2_ws/build/tb4_sensor_reader/prefix_override:/usr/lib/python3/dist-packages/colcon_core/task/python/colcon_distutils_commands:/afs/ec.auckland.ac.nz/users/j/x/jxia219/unixhome/ros2_ws/install/tb4_sensor_reader/lib/python3.10/site-packages:${PYTHONPATH} VIRTUAL_ENV_PROMPT=(ros2_venv) /usr/bin/python3 -W ignore:setup.py install is deprecated -W ignore:easy_install command is deprecated setup.py egg_info --egg-base ../../build/tb4_sensor_reader build --build-base /afs/ec.auckland.ac.nz/users/j/x/jxia219/unixhome/ros2_ws/build/tb4_sensor_reader/build install --record /afs/ec.auckland.ac.nz/users/j/x/jxia219/unixhome/ros2_ws/build/tb4_sensor_reader/install.log --single-version-externally-managed install_data
[0.491s] running egg_info
[0.494s] writing ../../build/tb4_sensor_reader/tb4_sensor_reader.egg-info/PKG-INFO
[0.498s] writing dependency_links to ../../build/tb4_sensor_reader/tb4_sensor_reader.egg-info/dependency_links.txt
[0.502s] writing entry points to ../../build/tb4_sensor_reader/tb4_sensor_reader.egg-info/entry_points.txt
[0.506s] writing requirements to ../../build/tb4_sensor_reader/tb4_sensor_reader.egg-info/requires.txt
[0.510s] writing top-level names to ../../build/tb4_sensor_reader/tb4_sensor_reader.egg-info/top_level.txt
[0.515s] reading manifest file '../../build/tb4_sensor_reader/tb4_sensor_reader.egg-info/SOURCES.txt'
[0.516s] writing manifest file '../../build/tb4_sensor_reader/tb4_sensor_reader.egg-info/SOURCES.txt'
[0.520s] running build
[0.520s] running build_py
[0.521s] copying tb4_sensor_reader/detect_and_stop.py -> /afs/ec.auckland.ac.nz/users/j/x/jxia219/unixhome/ros2_ws/build/tb4_sensor_reader/build/lib/tb4_sensor_reader
[0.534s] running install
[0.535s] running install_lib
[0.538s] copying /afs/ec.auckland.ac.nz/users/j/x/jxia219/unixhome/ros2_ws/build/tb4_sensor_reader/build/lib/tb4_sensor_reader/detect_and_stop.py -> /afs/ec.auckland.ac.nz/users/j/x/jxia219/unixhome/ros2_ws/install/tb4_sensor_reader/lib/python3.10/site-packages/tb4_sensor_reader
[0.554s] byte-compiling /afs/ec.auckland.ac.nz/users/j/x/jxia219/unixhome/ros2_ws/install/tb4_sensor_reader/lib/python3.10/site-packages/tb4_sensor_reader/detect_and_stop.py to detect_and_stop.cpython-310.pyc
[0.567s] running install_data
[0.567s] running install_egg_info
[0.571s] removing '/afs/ec.auckland.ac.nz/users/j/x/jxia219/unixhome/ros2_ws/install/tb4_sensor_reader/lib/python3.10/site-packages/tb4_sensor_reader-0.0.0-py3.10.egg-info' (and everything under it)
[0.590s] Copying ../../build/tb4_sensor_reader/tb4_sensor_reader.egg-info to /afs/ec.auckland.ac.nz/users/j/x/jxia219/unixhome/ros2_ws/install/tb4_sensor_reader/lib/python3.10/site-packages/tb4_sensor_reader-0.0.0-py3.10.egg-info
[0.657s] running install_scripts
[0.680s] Installing avoid_controller script to /afs/ec.auckland.ac.nz/users/j/x/jxia219/unixhome/ros2_ws/install/tb4_sensor_reader/lib/tb4_sensor_reader
[0.687s] Installing avoidance_physical script to /afs/ec.auckland.ac.nz/users/j/x/jxia219/unixhome/ros2_ws/install/tb4_sensor_reader/lib/tb4_sensor_reader
[0.693s] Installing camera_c2_node script to /afs/ec.auckland.ac.nz/users/j/x/jxia219/unixhome/ros2_ws/install/tb4_sensor_reader/lib/tb4_sensor_reader
[0.700s] Installing camera_detector script to /afs/ec.auckland.ac.nz/users/j/x/jxia219/unixhome/ros2_ws/install/tb4_sensor_reader/lib/tb4_sensor_reader
[0.706s] Installing camera_viewer script to /afs/ec.auckland.ac.nz/users/j/x/jxia219/unixhome/ros2_ws/install/tb4_sensor_reader/lib/tb4_sensor_reader
[0.713s] Installing detect_and_stop script to /afs/ec.auckland.ac.nz/users/j/x/jxia219/unixhome/ros2_ws/install/tb4_sensor_reader/lib/tb4_sensor_reader
[0.719s] Installing motion_controller script to /afs/ec.auckland.ac.nz/users/j/x/jxia219/unixhome/ros2_ws/install/tb4_sensor_reader/lib/tb4_sensor_reader
[0.726s] Installing odom_reader script to /afs/ec.auckland.ac.nz/users/j/x/jxia219/unixhome/ros2_ws/install/tb4_sensor_reader/lib/tb4_sensor_reader
[0.733s] Installing physical_motion script to /afs/ec.auckland.ac.nz/users/j/x/jxia219/unixhome/ros2_ws/install/tb4_sensor_reader/lib/tb4_sensor_reader
[0.739s] Installing pose_reader script to /afs/ec.auckland.ac.nz/users/j/x/jxia219/unixhome/ros2_ws/install/tb4_sensor_reader/lib/tb4_sensor_reader
[0.746s] Installing reactive_controller script to /afs/ec.auckland.ac.nz/users/j/x/jxia219/unixhome/ros2_ws/install/tb4_sensor_reader/lib/tb4_sensor_reader
[0.752s] Installing reactive_physical script to /afs/ec.auckland.ac.nz/users/j/x/jxia219/unixhome/ros2_ws/install/tb4_sensor_reader/lib/tb4_sensor_reader
[0.759s] Installing test_node script to /afs/ec.auckland.ac.nz/users/j/x/jxia219/unixhome/ros2_ws/install/tb4_sensor_reader/lib/tb4_sensor_reader
[0.767s] writing list of installed files to '/afs/ec.auckland.ac.nz/users/j/x/jxia219/unixhome/ros2_ws/build/tb4_sensor_reader/install.log'
[0.797s] Invoked command in '/afs/ec.auckland.ac.nz/users/j/x/jxia219/unixhome/ros2_ws/src/tb4_sensor_reader' returned '0': PS1=(ros2_venv) ${debian_chroot:+($debian_chroot)}\u@\h:\w\$ PYTHONPATH=/afs/ec.auckland.ac.nz/users/j/x/jxia219/unixhome/ros2_ws/build/tb4_sensor_reader/prefix_override:/usr/lib/python3/dist-packages/colcon_core/task/python/colcon_distutils_commands:/afs/ec.auckland.ac.nz/users/j/x/jxia219/unixhome/ros2_ws/install/tb4_sensor_reader/lib/python3.10/site-packages:${PYTHONPATH} VIRTUAL_ENV_PROMPT=(ros2_venv) /usr/bin/python3 -W ignore:setup.py install is deprecated -W ignore:easy_install command is deprecated setup.py egg_info --egg-base ../../build/tb4_sensor_reader build --build-base /afs/ec.auckland.ac.nz/users/j/x/jxia219/unixhome/ros2_ws/build/tb4_sensor_reader/build install --record /afs/ec.auckland.ac.nz/users/j/x/jxia219/unixhome/ros2_ws/build/tb4_sensor_reader/install.log --single-version-externally-managed install_data
