[0.000000] (-) TimerEvent: {}
[0.000228] (tb4_sensor_reader) JobQueued: {'identifier': 'tb4_sensor_reader', 'dependencies': OrderedDict()}
[0.000282] (tb4_sensor_reader) JobStarted: {'identifier': 'tb4_sensor_reader'}
[0.097860] (-) TimerEvent: {}
[0.198118] (-) TimerEvent: {}
[0.298369] (-) TimerEvent: {}
[0.398617] (-) TimerEvent: {}
[0.418820] (tb4_sensor_reader) Command: {'cmd': ['/usr/bin/python3', '-W', 'ignore:setup.py install is deprecated', '-W', 'ignore:easy_install command is deprecated', 'setup.py', 'egg_info', '--egg-base', '../../build/tb4_sensor_reader', 'build', '--build-base', '/afs/ec.auckland.ac.nz/users/j/x/jxia219/unixhome/ros2_ws/build/tb4_sensor_reader/build', 'install', '--record', '/afs/ec.auckland.ac.nz/users/j/x/jxia219/unixhome/ros2_ws/build/tb4_sensor_reader/install.log', '--single-version-externally-managed', 'install_data'], 'cwd': '/afs/ec.auckland.ac.nz/users/j/x/jxia219/unixhome/ros2_ws/src/tb4_sensor_reader', 'env': {'LANGUAGE': 'en_NZ:en', 'USER': 'jxia219', 'XDG_SESSION_TYPE': 'x11', 'XDG_CACHE_HOME': '/tmp/.cache-jxia219/xdg', 'SHLVL': '1', 'LD_LIBRARY_PATH': '/opt/ros/humble/opt/rviz_ogre_vendor/lib:/opt/ros/humble/lib/x86_64-linux-gnu:/opt/ros/humble/lib:/usr/local/cuda/lib', 'PERL_LOCAL_LIB_ROOT': '/afs/ec.auckland.ac.nz/users/j/x/jxia219/unixhome/perl5', 'HOME': '/afs/ec.auckland.ac.nz/users/j/x/jxia219/unixhome', 'OLDPWD': '/afs/ec.auckland.ac.nz/users/j/x/jxia219/unixhome/ros2_ws/src/tb4_sensor_reader', 'DESKTOP_SESSION': 'ubuntu', 'ROS_PYTHON_VERSION': '3', 'GNOME_SHELL_SESSION_MODE': 'ubuntu', 'GTK_MODULES': 'gail:atk-bridge:appmenu-gtk-module:appmenu-gtk-module', 'SYSTEMD_EXEC_PID': '4538', 'DBUS_SESSION_BUS_ADDRESS': 'unix:path=/run/user/607918944/bus', 'COLORTERM': 'truecolor', 'UBUNTU_MENUPROXY': '1', 'IM_CONFIG_PHASE': '1', 'COLCON_PREFIX_PATH': '/afs/ec.auckland.ac.nz/users/j/x/jxia219/unixhome/ros2_ws/install', 'ROS_DISTRO': 'humble', 'GTK_IM_MODULE': 'ibus', 'LOGNAME': 'jxia219', 'IGN_GAZEBO_MODEL_PATH': '/opt/ros/humble/share', '_': '/usr/bin/colcon', 'ROS_VERSION': '2', 'XDG_SESSION_CLASS': 'user', 'USERNAME': 'jxia219', 'TERM': 'xterm-256color', 'PERL_MB_OPT': '--install_base "/afs/ec.auckland.ac.nz/users/j/x/jxia219/unixhome/perl5"', 'GAZEBO_MODEL_PATH': '/opt/ros/humble/share', 'GNOME_DESKTOP_SESSION_ID': 'this-is-deprecated', 'ROS_LOCALHOST_ONLY': '0', 'WINDOWPATH': '2', 'PATH': '/opt/ros/humble/bin:/afs/ec.auckland.ac.nz/users/j/x/jxia219/unixhome/perl5/bin:/afs/ec.auckland.ac.nz/users/j/x/jxia219/unixhome/.local/bin:/afs/ec.auckland.ac.nz/users/j/x/jxia219/unixhome/.local/share/gem/ruby/3.0.0/bin:/usr/lib/jvm/java-11-amazon-corretto/bin:/usr/local/sbin:/usr/local/bin:/usr/sbin:/usr/bin:/sbin:/bin:/usr/games:/usr/local/games:/snap/bin:/snap/bin:/usr/local/cuda/bin:/opt/puppetlabs/bin', 'SESSION_MANAGER': 'local/en441502.uoa.auckland.ac.nz:@/tmp/.ICE-unix/4514,unix/en441502.uoa.auckland.ac.nz:/tmp/.ICE-unix/4514', 'XDG_MENU_PREFIX': 'gnome-', 'GNOME_TERMINAL_SCREEN': '/org/gnome/Terminal/screen/209ce6ab_3a61_47c9_a4c7_c702e6ab6ee4', 'PERL5LIB': '/afs/ec.auckland.ac.nz/users/j/x/jxia219/unixhome/perl5/lib/perl5', 'XDG_RUNTIME_DIR': '/run/user/607918944', 'DISPLAY': ':1', 'LANG': 'en_NZ.UTF-8', 'XDG_CURRENT_DESKTOP': 'ubuntu:GNOME', 'XMODIFIERS': '@im=ibus', 'XDG_SESSION_DESKTOP': 'ubuntu', 'XAUTHORITY': '/run/user/607918944/gdm/Xauthority', 'GNOME_TERMINAL_SERVICE': ':1.112', 'SSH_AGENT_LAUNCHER': 'gnome-keyring', 'SSH_AUTH_SOCK': '/run/user/607918944/keyring/ssh', 'AMENT_PREFIX_PATH': '/afs/ec.auckland.ac.nz/users/j/x/jxia219/unixhome/ros2_ws/install/tb4_sensor_reader:/opt/ros/humble', 'SHELL': '/bin/bash', 'KRB5CCNAME': 'FILE:/tmp/krb5cc_607918944_erF9Eq', 'QT_ACCESSIBILITY': '1', 'GDMSESSION': 'ubuntu', 'PERL_MM_OPT': 'INSTALL_BASE=/afs/ec.auckland.ac.nz/users/j/x/jxia219/unixhome/perl5', 'IGN_GAZEBO_RESOURCE_PATH': '/opt/ros/humble/share', 'GPG_AGENT_INFO': '/run/user/607918944/gnupg/S.gpg-agent:0:1', 'GAZEBO_RESOURCE_PATH': '/opt/ros/humble/share', 'QT_IM_MODULE': 'ibus', 'JAVA_HOME': '/usr/lib/jvm/java-11-amazon-corretto', 'PWD': '/afs/ec.auckland.ac.nz/users/j/x/jxia219/unixhome/ros2_ws/build/tb4_sensor_reader', 'XDG_CONFIG_DIRS': '/etc/xdg/xdg-ubuntu:/etc/xdg', 'XDG_DATA_DIRS': '/usr/share/ubuntu:/usr/share/gnome:/afs/ec.auckland.ac.nz/users/j/x/jxia219/unixhome/.local/share/flatpak/exports/share:/var/lib/flatpak/exports/share:/usr/local/share/:/usr/share/:/var/lib/snapd/desktop', 'PYTHONPATH': '/afs/ec.auckland.ac.nz/users/j/x/jxia219/unixhome/ros2_ws/build/tb4_sensor_reader/prefix_override:/usr/lib/python3/dist-packages/colcon_core/task/python/colcon_distutils_commands:/afs/ec.auckland.ac.nz/users/j/x/jxia219/unixhome/ros2_ws/install/tb4_sensor_reader/lib/python3.10/site-packages:/afs/ec.auckland.ac.nz/users/j/x/jxia219/unixhome/ros2_ws/install/tb4_sensor_reader/lib/python3.10/site-packages:/opt/ros/humble/lib/python3.10/site-packages:/opt/ros/humble/local/lib/python3.10/dist-packages', 'COLCON': '1', 'MANPATH': ':/usr/lib/jvm/java-11-amazon-corretto/man:/opt/puppetlabs/puppet/share/man', 'VTE_VERSION': '6800'}, 'shell': False}
[0.498692] (-) TimerEvent: {}
[0.563285] (tb4_sensor_reader) StderrLine: {'line': b"/usr/lib/python3.10/distutils/dist.py:274: UserWarning: Unknown distribution option: 'ntry_points'\n"}
[0.563447] (tb4_sensor_reader) StderrLine: {'line': b'  warnings.warn(msg)\n'}
[0.567726] (tb4_sensor_reader) StdoutLine: {'line': b'running egg_info\n'}
[0.569426] (tb4_sensor_reader) StdoutLine: {'line': b'writing ../../build/tb4_sensor_reader/tb4_sensor_reader.egg-info/PKG-INFO\n'}
[0.571654] (tb4_sensor_reader) StdoutLine: {'line': b'writing dependency_links to ../../build/tb4_sensor_reader/tb4_sensor_reader.egg-info/dependency_links.txt\n'}
[0.573763] (tb4_sensor_reader) StdoutLine: {'line': b'writing requirements to ../../build/tb4_sensor_reader/tb4_sensor_reader.egg-info/requires.txt\n'}
[0.575932] (tb4_sensor_reader) StdoutLine: {'line': b'writing top-level names to ../../build/tb4_sensor_reader/tb4_sensor_reader.egg-info/top_level.txt\n'}
[0.579476] (tb4_sensor_reader) StdoutLine: {'line': b"reading manifest file '../../build/tb4_sensor_reader/tb4_sensor_reader.egg-info/SOURCES.txt'\n"}
[0.580002] (tb4_sensor_reader) StdoutLine: {'line': b"writing manifest file '../../build/tb4_sensor_reader/tb4_sensor_reader.egg-info/SOURCES.txt'\n"}
[0.582001] (tb4_sensor_reader) StdoutLine: {'line': b'running build\n'}
[0.582059] (tb4_sensor_reader) StdoutLine: {'line': b'running build_py\n'}
[0.582186] (tb4_sensor_reader) StdoutLine: {'line': b'running install\n'}
[0.582353] (tb4_sensor_reader) StdoutLine: {'line': b'running install_lib\n'}
[0.583176] (tb4_sensor_reader) StdoutLine: {'line': b'running install_data\n'}
[0.583265] (tb4_sensor_reader) StdoutLine: {'line': b'running install_egg_info\n'}
[0.584369] (tb4_sensor_reader) StdoutLine: {'line': b"removing '/afs/ec.auckland.ac.nz/users/j/x/jxia219/unixhome/ros2_ws/install/tb4_sensor_reader/lib/python3.10/site-packages/tb4_sensor_reader-0.0.0-py3.10.egg-info' (and everything under it)\n"}
[0.594120] (tb4_sensor_reader) StdoutLine: {'line': b'Copying ../../build/tb4_sensor_reader/tb4_sensor_reader.egg-info to /afs/ec.auckland.ac.nz/users/j/x/jxia219/unixhome/ros2_ws/install/tb4_sensor_reader/lib/python3.10/site-packages/tb4_sensor_reader-0.0.0-py3.10.egg-info\n'}
[0.598761] (-) TimerEvent: {}
[0.627196] (tb4_sensor_reader) StdoutLine: {'line': b'running install_scripts\n'}
[0.644601] (tb4_sensor_reader) StdoutLine: {'line': b"writing list of installed files to '/afs/ec.auckland.ac.nz/users/j/x/jxia219/unixhome/ros2_ws/build/tb4_sensor_reader/install.log'\n"}
[0.663065] (tb4_sensor_reader) CommandEnded: {'returncode': 0}
[0.690744] (tb4_sensor_reader) JobEnded: {'identifier': 'tb4_sensor_reader', 'rc': 0}
[0.701392] (-) TimerEvent: {}
[0.701502] (-) EventReactorShutdown: {}
